[debug] [2017-11-28T04:31:32.025Z] ----------------------------------------------------------------------
[debug] [2017-11-28T04:31:32.027Z] Command:       /usr/local/Cellar/node/8.4.0/bin/node /usr/local/bin/firebase serve
[debug] [2017-11-28T04:31:32.027Z] CLI Version:   3.15.3
[debug] [2017-11-28T04:31:32.027Z] Platform:      darwin
[debug] [2017-11-28T04:31:32.027Z] Node Version:  v8.4.0
[debug] [2017-11-28T04:31:32.027Z] Time:          Mon Nov 27 2017 23:31:32 GMT-0500 (EST)
[debug] [2017-11-28T04:31:32.028Z] ----------------------------------------------------------------------
[debug] 
[debug] [2017-11-28T04:31:32.042Z] > command requires scopes: ["email","openid","https://www.googleapis.com/auth/cloudplatformprojects.readonly","https://www.googleapis.com/auth/firebase","https://www.googleapis.com/auth/cloud-platform"]
[debug] [2017-11-28T04:31:32.042Z] > authorizing via signed-in user
[debug] [2017-11-28T04:31:32.043Z] > refreshing access token with scopes: ["email","https://www.googleapis.com/auth/cloud-platform","https://www.googleapis.com/auth/cloudplatformprojects.readonly","https://www.googleapis.com/auth/firebase","openid"]
[debug] [2017-11-28T04:31:32.043Z] >>> HTTP REQUEST POST https://www.googleapis.com/oauth2/v3/token { refresh_token: '1/NKRb83cLtmV6kyK8Lq3inLMSV56-paM7_mrz946EpvenDe_wemfy3cuIaYAm5I83',
  client_id: '563584335869-fgrhgmd47bqnekij5i8b5pr03ho849e6.apps.googleusercontent.com',
  client_secret: 'j9iVZfS8kkCEFUPaAeJV0sAi',
  grant_type: 'refresh_token',
  scope: 'email https://www.googleapis.com/auth/cloud-platform https://www.googleapis.com/auth/cloudplatformprojects.readonly https://www.googleapis.com/auth/firebase openid' } 
 Mon Nov 27 2017 23:31:32 GMT-0500 (EST)
[debug] [2017-11-28T04:31:32.187Z] <<< HTTP RESPONSE 200
[debug] [2017-11-28T04:31:32.202Z] >>> HTTP REQUEST GET https://admin.firebase.com/v1/projects/prescriptive-capstone  
 Mon Nov 27 2017 23:31:32 GMT-0500 (EST)
[debug] [2017-11-28T04:31:32.643Z] <<< HTTP RESPONSE 200
[debug] [2017-11-28T04:31:32.643Z] >>> HTTP REQUEST GET https://admin.firebase.com/v1/database/prescriptive-capstone/tokens  
 Mon Nov 27 2017 23:31:32 GMT-0500 (EST)
[debug] [2017-11-28T04:31:33.201Z] <<< HTTP RESPONSE 200
[info] 
[info] === Serving from '/Users/seansegal/Documents/Brown/courses/cs2951o/capstone'...
[info] 
[debug] [2017-11-28T04:31:33.202Z] >>> HTTP REQUEST GET https://cloudresourcemanager.googleapis.com/v1/projects/prescriptive-capstone  
 Mon Nov 27 2017 23:31:33 GMT-0500 (EST)
[debug] [2017-11-28T04:31:33.562Z] <<< HTTP RESPONSE 200
[debug] [2017-11-28T04:31:33.563Z] >>> HTTP REQUEST GET https://mobilesdk-pa.googleapis.com/v1/projects/407148649100/clients/_:getWebAppConfig  
 Mon Nov 27 2017 23:31:33 GMT-0500 (EST)
[debug] [2017-11-28T04:31:34.053Z] <<< HTTP RESPONSE 200
[warn] ⚠  hosting: Port 5000 is not available. Trying another port...
[debug] [2017-11-28T04:31:34.069Z] >>> HTTP REQUEST GET https://cloudresourcemanager.googleapis.com/v1/projects/prescriptive-capstone  
 Mon Nov 27 2017 23:31:34 GMT-0500 (EST)
[debug] [2017-11-28T04:31:34.480Z] <<< HTTP RESPONSE 200
[debug] [2017-11-28T04:31:34.480Z] >>> HTTP REQUEST GET https://mobilesdk-pa.googleapis.com/v1/projects/407148649100/clients/_:getWebAppConfig  
 Mon Nov 27 2017 23:31:34 GMT-0500 (EST)
[debug] [2017-11-28T04:31:35.249Z] <<< HTTP RESPONSE 200
[info] i  hosting: Serving hosting files from: public
[info] ✔  hosting: Local server: http://localhost:5004

